2025-06-28 12:33:17 INFO  Utils:112 - [Utils] MethodGroupsHelper.collectMethodsByGroup() took 2 ms.
2025-06-28 12:33:17 INFO  Utils:112 - [Utils] MethodGroupsHelper.sortMethods() took 4 ms.
2025-06-28 12:33:17 INFO  Utils:112 - [Utils] MethodGroupsHelper.collectMethodsByGroup() took 0 ms.
2025-06-28 12:33:17 INFO  Utils:112 - [Utils] MethodGroupsHelper.sortMethods() took 0 ms.
2025-06-28 12:33:17 INFO  Utils:112 - [Utils] MethodGroupsHelper.collectMethodsByGroup() took 0 ms.
2025-06-28 12:33:17 INFO  Utils:112 - [Utils] MethodGroupsHelper.sortMethods() took 0 ms.
2025-06-28 12:33:17 INFO  Utils:112 - [Utils] MethodGroupsHelper.collectMethodsByGroup() took 0 ms.
2025-06-28 12:33:17 INFO  Utils:112 - [Utils] MethodGroupsHelper.sortMethods() took 0 ms.
2025-06-28 12:33:17 INFO  Utils:112 - [Utils] MethodGroupsHelper.collectMethodsByGroup() took 8 ms.
2025-06-28 12:33:17 INFO  Utils:112 - [Utils] MethodGroupsHelper.sortMethods() took 25 ms.
2025-06-28 12:33:17 INFO  Utils:112 - [Utils] MethodGroupsHelper.collectMethodsByGroup() took 0 ms.
2025-06-28 12:33:17 INFO  Utils:112 - [Utils] MethodGroupsHelper.sortMethods() took 0 ms.
2025-06-28 12:33:17 INFO  Utils:112 - [Utils] MethodGroupsHelper.collectMethodsByGroup() took 0 ms.
2025-06-28 12:33:17 INFO  Utils:112 - [Utils] MethodGroupsHelper.sortMethods() took 0 ms.
2025-06-28 12:33:17 INFO  Utils:112 - [Utils] MethodGroupsHelper.collectMethodsByGroup() took 0 ms.
2025-06-28 12:33:17 INFO  Utils:112 - [Utils] MethodGroupsHelper.sortMethods() took 0 ms.
2025-06-28 12:33:17 INFO  Utils:112 - [Utils] MethodGroupsHelper.collectMethodsByGroup() took 0 ms.
2025-06-28 12:33:17 INFO  Utils:112 - [Utils] MethodGroupsHelper.sortMethods() took 0 ms.
2025-06-28 12:33:17 INFO  Utils:112 - [Utils] MethodGroupsHelper.collectMethodsByGroup() took 0 ms.
2025-06-28 12:33:17 INFO  Utils:112 - [Utils] MethodGroupsHelper.sortMethods() took 0 ms.
2025-06-28 12:33:17 INFO  Utils:112 - [Utils] MethodGroupsHelper.collectMethodsByGroup() took 0 ms.
2025-06-28 12:33:17 INFO  Utils:112 - [Utils] MethodGroupsHelper.sortMethods() took 0 ms.
2025-06-28 12:33:17 INFO  Utils:112 - [Utils] MethodGroupsHelper.collectMethodsByGroup() took 0 ms.
2025-06-28 12:33:17 INFO  Utils:112 - [Utils] MethodGroupsHelper.sortMethods() took 0 ms.
2025-06-28 12:33:17 INFO  Utils:112 - [Utils] MethodGroupsHelper.collectMethodsByGroup() took 0 ms.
2025-06-28 12:33:17 INFO  Utils:112 - [Utils] MethodGroupsHelper.sortMethods() took 0 ms.
2025-06-28 12:33:17 INFO  Utils:112 - [Utils] MethodGroupsHelper.collectMethodsByGroup() took 0 ms.
2025-06-28 12:33:17 INFO  Utils:112 - [Utils] MethodGroupsHelper.sortMethods() took 0 ms.
2025-06-28 12:33:17 INFO  Utils:112 - [Utils] MethodGroupsHelper.collectMethodsByGroup() took 0 ms.
2025-06-28 12:33:17 INFO  Utils:112 - [Utils] MethodGroupsHelper.sortMethods() took 0 ms.
2025-06-28 12:33:17 INFO  Utils:112 - [Utils] MethodGroupsHelper.collectMethodsByGroup() took 0 ms.
2025-06-28 12:33:17 INFO  Utils:112 - [Utils] MethodGroupsHelper.sortMethods() took 0 ms.
2025-06-28 12:33:17 INFO  Utils:112 - [Utils] MethodGroupsHelper.collectMethodsByGroup() took 0 ms.
2025-06-28 12:33:17 INFO  Utils:112 - [Utils] MethodGroupsHelper.sortMethods() took 0 ms.
2025-06-28 12:33:17 INFO  Utils:112 - [Utils] MethodGroupsHelper.collectMethodsByGroup() took 0 ms.
2025-06-28 12:33:17 INFO  Utils:112 - [Utils] MethodGroupsHelper.sortMethods() took 0 ms.
2025-06-28 12:33:17 INFO  Utils:112 - [Utils] MethodGroupsHelper.collectMethodsByGroup() took 0 ms.
2025-06-28 12:33:17 INFO  Utils:112 - [Utils] MethodGroupsHelper.sortMethods() took 0 ms.
2025-06-28 12:33:17 INFO  Utils:112 - [Utils] MethodGroupsHelper.collectMethodsByGroup() took 0 ms.
2025-06-28 12:33:17 INFO  Utils:112 - [Utils] MethodGroupsHelper.sortMethods() took 0 ms.
2025-06-28 12:33:17 INFO  Utils:112 - [Utils] MethodGroupsHelper.collectMethodsByGroup() took 0 ms.
2025-06-28 12:33:17 INFO  Utils:112 - [Utils] MethodGroupsHelper.sortMethods() took 0 ms.
2025-06-28 12:33:17 INFO  Utils:112 - [Utils] MethodGroupsHelper.collectMethodsByGroup() took 0 ms.
2025-06-28 12:33:17 INFO  Utils:112 - [Utils] MethodGroupsHelper.sortMethods() took 0 ms.
2025-06-28 12:33:17 INFO  Utils:112 - [Utils] MethodGroupsHelper.collectMethodsByGroup() took 0 ms.
2025-06-28 12:33:17 INFO  Utils:112 - [Utils] MethodGroupsHelper.sortMethods() took 0 ms.
2025-06-28 12:33:17 INFO  Utils:112 - [Utils] MethodGroupsHelper.collectMethodsByGroup() took 0 ms.
2025-06-28 12:33:17 INFO  Utils:112 - [Utils] MethodGroupsHelper.sortMethods() took 0 ms.
2025-06-28 12:33:17 INFO  Utils:112 - [Utils] MethodGroupsHelper.collectMethodsByGroup() took 0 ms.
2025-06-28 12:33:17 INFO  Utils:112 - [Utils] MethodGroupsHelper.sortMethods() took 0 ms.
2025-06-28 12:33:17 INFO  Utils:112 - [Utils] MethodGroupsHelper.collectMethodsByGroup() took 0 ms.
2025-06-28 12:33:17 INFO  Utils:112 - [Utils] MethodGroupsHelper.sortMethods() took 0 ms.
2025-06-28 12:33:17 INFO  Utils:112 - [Utils] MethodGroupsHelper.collectMethodsByGroup() took 0 ms.
2025-06-28 12:33:17 INFO  Utils:112 - [Utils] MethodGroupsHelper.sortMethods() took 0 ms.
2025-06-28 12:33:17 INFO  Utils:112 - [Utils] MethodGroupsHelper.collectMethodsByGroup() took 0 ms.
2025-06-28 12:33:17 INFO  Utils:112 - [Utils] MethodGroupsHelper.sortMethods() took 0 ms.
2025-06-28 12:33:17 INFO  Utils:112 - [Utils] MethodGroupsHelper.collectMethodsByGroup() took 0 ms.
2025-06-28 12:33:17 INFO  Utils:112 - [Utils] MethodGroupsHelper.sortMethods() took 0 ms.
2025-06-28 12:33:17 INFO  Utils:112 - [Utils] MethodGroupsHelper.collectMethodsByGroup() took 0 ms.
2025-06-28 12:33:17 INFO  Utils:112 - [Utils] MethodGroupsHelper.sortMethods() took 0 ms.
2025-06-28 12:33:17 INFO  Utils:112 - [Utils] MethodGroupsHelper.collectMethodsByGroup() took 0 ms.
2025-06-28 12:33:17 INFO  Utils:112 - [Utils] MethodGroupsHelper.sortMethods() took 0 ms.
2025-06-28 12:33:17 INFO  Utils:112 - [Utils] MethodGroupsHelper.collectMethodsByGroup() took 0 ms.
2025-06-28 12:33:17 INFO  Utils:112 - [Utils] MethodGroupsHelper.sortMethods() took 0 ms.
2025-06-28 12:33:17 INFO  Utils:112 - [Utils] MethodGroupsHelper.collectMethodsByGroup() took 0 ms.
2025-06-28 12:33:17 INFO  Utils:112 - [Utils] MethodGroupsHelper.sortMethods() took 0 ms.
2025-06-28 12:33:17 INFO  Utils:112 - [Utils] MethodGroupsHelper.collectMethodsByGroup() took 0 ms.
2025-06-28 12:33:17 INFO  Utils:112 - [Utils] MethodGroupsHelper.sortMethods() took 0 ms.
2025-06-28 12:33:17 INFO  Utils:112 - [Utils] MethodGroupsHelper.collectMethodsByGroup() took 0 ms.
2025-06-28 12:33:17 INFO  Utils:112 - [Utils] MethodGroupsHelper.sortMethods() took 0 ms.
2025-06-28 12:33:17 INFO  Utils:112 - [Utils] MethodGroupsHelper.collectMethodsByGroup() took 0 ms.
2025-06-28 12:33:17 INFO  Utils:112 - [Utils] MethodGroupsHelper.sortMethods() took 0 ms.
2025-06-28 12:33:17 INFO  Utils:112 - [Utils] MethodGroupsHelper.collectMethodsByGroup() took 0 ms.
2025-06-28 12:33:17 INFO  Utils:112 - [Utils] MethodGroupsHelper.sortMethods() took 0 ms.
2025-06-28 12:33:17 INFO  Utils:112 - [Utils] MethodGroupsHelper.collectMethodsByGroup() took 0 ms.
2025-06-28 12:33:17 INFO  Utils:112 - [Utils] MethodGroupsHelper.sortMethods() took 0 ms.
2025-06-28 12:33:17 INFO  Utils:112 - [Utils] MethodGroupsHelper.collectMethodsByGroup() took 0 ms.
2025-06-28 12:33:17 INFO  Utils:112 - [Utils] MethodGroupsHelper.sortMethods() took 0 ms.
2025-06-28 12:33:17 INFO  Utils:112 - [Utils] MethodGroupsHelper.collectMethodsByGroup() took 0 ms.
2025-06-28 12:33:17 INFO  Utils:112 - [Utils] MethodGroupsHelper.sortMethods() took 0 ms.
2025-06-28 12:33:17 INFO  Utils:112 - [Utils] MethodGroupsHelper.collectMethodsByGroup() took 0 ms.
2025-06-28 12:33:17 INFO  Utils:112 - [Utils] MethodGroupsHelper.sortMethods() took 0 ms.
2025-06-28 12:33:17 INFO  Utils:112 - [Utils] MethodGroupsHelper.collectMethodsByGroup() took 0 ms.
2025-06-28 12:33:17 INFO  Utils:112 - [Utils] MethodGroupsHelper.sortMethods() took 0 ms.
2025-06-28 12:33:17 INFO  Utils:112 - [Utils] MethodGroupsHelper.collectMethodsByGroup() took 0 ms.
2025-06-28 12:33:17 INFO  Utils:112 - [Utils] MethodGroupsHelper.sortMethods() took 0 ms.
2025-06-28 12:33:17 INFO  Utils:112 - [Utils] MethodGroupsHelper.collectMethodsByGroup() took 0 ms.
2025-06-28 12:33:17 INFO  Utils:112 - [Utils] MethodGroupsHelper.sortMethods() took 0 ms.
2025-06-28 12:33:17 INFO  Utils:112 - [Utils] MethodGroupsHelper.collectMethodsByGroup() took 0 ms.
2025-06-28 12:33:17 INFO  Utils:112 - [Utils] MethodGroupsHelper.sortMethods() took 0 ms.
2025-06-28 12:33:17 INFO  Utils:112 - [Utils] MethodGroupsHelper.collectMethodsByGroup() took 0 ms.
2025-06-28 12:33:17 INFO  Utils:112 - [Utils] MethodGroupsHelper.sortMethods() took 0 ms.
2025-06-28 12:33:17 INFO  Utils:112 - [Utils] MethodGroupsHelper.collectMethodsByGroup() took 0 ms.
2025-06-28 12:33:17 INFO  Utils:112 - [Utils] MethodGroupsHelper.sortMethods() took 0 ms.
2025-06-28 12:33:17 INFO  Utils:112 - [Utils] MethodGroupsHelper.collectMethodsByGroup() took 0 ms.
2025-06-28 12:33:17 INFO  Utils:112 - [Utils] MethodGroupsHelper.sortMethods() took 0 ms.
2025-06-28 12:33:17 INFO  Utils:112 - [Utils] MethodGroupsHelper.collectMethodsByGroup() took 0 ms.
2025-06-28 12:33:17 INFO  Utils:112 - [Utils] MethodGroupsHelper.sortMethods() took 0 ms.
2025-06-28 12:33:17 INFO  Utils:112 - [Utils] MethodGroupsHelper.collectMethodsByGroup() took 0 ms.
2025-06-28 12:33:17 INFO  Utils:112 - [Utils] MethodGroupsHelper.sortMethods() took 0 ms.
2025-06-28 12:33:17 INFO  Utils:112 - [Utils] MethodGroupsHelper.collectMethodsByGroup() took 0 ms.
2025-06-28 12:33:17 INFO  Utils:112 - [Utils] MethodGroupsHelper.sortMethods() took 0 ms.
2025-06-28 12:33:17 INFO  Utils:112 - [Utils] MethodGroupsHelper.collectMethodsByGroup() took 0 ms.
2025-06-28 12:33:17 INFO  Utils:112 - [Utils] MethodGroupsHelper.sortMethods() took 0 ms.
2025-06-28 12:33:17 INFO  Utils:112 - [Utils] MethodGroupsHelper.collectMethodsByGroup() took 0 ms.
2025-06-28 12:33:17 INFO  Utils:112 - [Utils] MethodGroupsHelper.sortMethods() took 8 ms.
2025-06-28 12:33:17 INFO  Utils:112 - [Utils] MethodGroupsHelper.collectMethodsByGroup() took 0 ms.
2025-06-28 12:33:17 INFO  Utils:112 - [Utils] MethodGroupsHelper.sortMethods() took 0 ms.
2025-06-28 12:33:17 INFO  Utils:112 - [Utils] MethodGroupsHelper.collectMethodsByGroup() took 0 ms.
2025-06-28 12:33:17 INFO  Utils:112 - [Utils] MethodGroupsHelper.sortMethods() took 0 ms.
2025-06-28 12:33:17 INFO  Utils:112 - [TestNG] Running:
  C:\Users\achar\AppData\Local\Temp\testng-eclipse-235527272\testng-customsuite.xml

2025-06-28 12:33:17 INFO  Utils:112 - [Utils] DynamicGraphHelper.createDynamicGraph() took 18 ms.
2025-06-28 12:33:18 ERROR Utils:154 - [Error] org.testng.TestNGException: 
Method public void testCases.TC003_Login_DDT.loginddt(java.lang.String,java.lang.String,java.lang.String) requires a @DataProvider named : Logindata in class Utilities.Dataprovider
	at org.testng.internal.Parameters.findDataProvider(Parameters.java:532)
	at org.testng.internal.Parameters.handleParameters(Parameters.java:769)
	at org.testng.internal.Parameters.handleParameters(Parameters.java:734)
	at org.testng.internal.invokers.ParameterHandler.handleParameters(ParameterHandler.java:72)
	at org.testng.internal.invokers.ParameterHandler.createParameters(ParameterHandler.java:51)
	at org.testng.internal.invokers.TestInvoker$MethodInvocationAgent.invoke(TestInvoker.java:946)
	at org.testng.internal.invokers.TestInvoker.invokeTestMethods(TestInvoker.java:203)
	at org.testng.internal.invokers.TestMethodWorker.invokeTestMethods(TestMethodWorker.java:154)
	at org.testng.internal.invokers.TestMethodWorker.run(TestMethodWorker.java:134)
	at java.base/java.util.ArrayList.forEach(ArrayList.java:1596)
	at org.testng.TestRunner.privateRun(TestRunner.java:739)
	at org.testng.TestRunner.run(TestRunner.java:614)
	at org.testng.SuiteRunner.runTest(SuiteRunner.java:421)
	at org.testng.SuiteRunner.runSequentially(SuiteRunner.java:413)
	at org.testng.SuiteRunner.privateRun(SuiteRunner.java:373)
	at org.testng.SuiteRunner.run(SuiteRunner.java:312)
	at org.testng.SuiteRunnerWorker.runSuite(SuiteRunnerWorker.java:52)
	at org.testng.SuiteRunnerWorker.run(SuiteRunnerWorker.java:95)
	at org.testng.TestNG.runSuitesSequentially(TestNG.java:1274)
	at org.testng.TestNG.runSuitesLocally(TestNG.java:1208)
	at org.testng.TestNG.runSuites(TestNG.java:1112)
	at org.testng.TestNG.run(TestNG.java:1079)
	at org.testng.remote.AbstractRemoteTestNG.run(AbstractRemoteTestNG.java:115)
	at org.testng.remote.RemoteTestNG.initAndRun(RemoteTestNG.java:293)
	at org.testng.remote.RemoteTestNG.main(RemoteTestNG.java:91)

2025-06-28 12:33:18 INFO  Utils:112 - [TestNG] Time taken by org.testng.reporters.jq.Main@4ffced4e: 301 ms
2025-06-28 12:33:18 INFO  Utils:112 - [TestNG] Time taken by org.testng.reporters.FailedReporter@64f4f12: 54 ms
2025-06-28 12:33:18 INFO  Utils:112 - [TestNG] Time taken by org.testng.reporters.XMLReporter@2eb0cefe: 67 ms
2025-06-28 12:33:18 INFO  Utils:112 - [TestNG] Time taken by org.testng.reporters.EmailableReporter2@544e3679: 26 ms
2025-06-28 12:33:18 INFO  Utils:112 - [TestNG] Time taken by org.testng.reporters.JUnitReportReporter@3b4ef59f: 33 ms
2025-06-28 12:33:18 INFO  Utils:112 - [TestNG] Time taken by org.testng.internal.ExitCodeListener@22cb3d59: 0 ms
2025-06-28 13:44:16 INFO  Utils:112 - [Utils] MethodGroupsHelper.collectMethodsByGroup() took 1 ms.
2025-06-28 13:44:16 INFO  Utils:112 - [Utils] MethodGroupsHelper.sortMethods() took 3 ms.
2025-06-28 13:44:16 INFO  Utils:112 - [Utils] MethodGroupsHelper.collectMethodsByGroup() took 0 ms.
2025-06-28 13:44:16 INFO  Utils:112 - [Utils] MethodGroupsHelper.sortMethods() took 0 ms.
2025-06-28 13:44:16 INFO  Utils:112 - [Utils] MethodGroupsHelper.collectMethodsByGroup() took 0 ms.
2025-06-28 13:44:16 INFO  Utils:112 - [Utils] MethodGroupsHelper.sortMethods() took 0 ms.
2025-06-28 13:44:16 INFO  Utils:112 - [Utils] MethodGroupsHelper.collectMethodsByGroup() took 0 ms.
2025-06-28 13:44:16 INFO  Utils:112 - [Utils] MethodGroupsHelper.sortMethods() took 0 ms.
2025-06-28 13:44:16 INFO  Utils:112 - [Utils] MethodGroupsHelper.collectMethodsByGroup() took 11 ms.
2025-06-28 13:44:16 INFO  Utils:112 - [Utils] MethodGroupsHelper.sortMethods() took 21 ms.
2025-06-28 13:44:16 INFO  Utils:112 - [Utils] MethodGroupsHelper.collectMethodsByGroup() took 0 ms.
2025-06-28 13:44:16 INFO  Utils:112 - [Utils] MethodGroupsHelper.sortMethods() took 0 ms.
2025-06-28 13:44:16 INFO  Utils:112 - [Utils] MethodGroupsHelper.collectMethodsByGroup() took 0 ms.
2025-06-28 13:44:16 INFO  Utils:112 - [Utils] MethodGroupsHelper.sortMethods() took 0 ms.
2025-06-28 13:44:16 INFO  Utils:112 - [Utils] MethodGroupsHelper.collectMethodsByGroup() took 0 ms.
2025-06-28 13:44:16 INFO  Utils:112 - [Utils] MethodGroupsHelper.sortMethods() took 0 ms.
2025-06-28 13:44:16 INFO  Utils:112 - [Utils] MethodGroupsHelper.collectMethodsByGroup() took 0 ms.
2025-06-28 13:44:16 INFO  Utils:112 - [Utils] MethodGroupsHelper.sortMethods() took 0 ms.
2025-06-28 13:44:16 INFO  Utils:112 - [Utils] MethodGroupsHelper.collectMethodsByGroup() took 0 ms.
2025-06-28 13:44:16 INFO  Utils:112 - [Utils] MethodGroupsHelper.sortMethods() took 0 ms.
2025-06-28 13:44:16 INFO  Utils:112 - [Utils] MethodGroupsHelper.collectMethodsByGroup() took 0 ms.
2025-06-28 13:44:16 INFO  Utils:112 - [Utils] MethodGroupsHelper.sortMethods() took 0 ms.
2025-06-28 13:44:16 INFO  Utils:112 - [Utils] MethodGroupsHelper.collectMethodsByGroup() took 0 ms.
2025-06-28 13:44:16 INFO  Utils:112 - [Utils] MethodGroupsHelper.sortMethods() took 0 ms.
2025-06-28 13:44:16 INFO  Utils:112 - [Utils] MethodGroupsHelper.collectMethodsByGroup() took 0 ms.
2025-06-28 13:44:16 INFO  Utils:112 - [Utils] MethodGroupsHelper.sortMethods() took 0 ms.
2025-06-28 13:44:16 INFO  Utils:112 - [Utils] MethodGroupsHelper.collectMethodsByGroup() took 0 ms.
2025-06-28 13:44:16 INFO  Utils:112 - [Utils] MethodGroupsHelper.sortMethods() took 0 ms.
2025-06-28 13:44:16 INFO  Utils:112 - [Utils] MethodGroupsHelper.collectMethodsByGroup() took 0 ms.
2025-06-28 13:44:16 INFO  Utils:112 - [Utils] MethodGroupsHelper.sortMethods() took 0 ms.
2025-06-28 13:44:16 INFO  Utils:112 - [Utils] MethodGroupsHelper.collectMethodsByGroup() took 0 ms.
2025-06-28 13:44:16 INFO  Utils:112 - [Utils] MethodGroupsHelper.sortMethods() took 0 ms.
2025-06-28 13:44:16 INFO  Utils:112 - [Utils] MethodGroupsHelper.collectMethodsByGroup() took 0 ms.
2025-06-28 13:44:16 INFO  Utils:112 - [Utils] MethodGroupsHelper.sortMethods() took 0 ms.
2025-06-28 13:44:16 INFO  Utils:112 - [Utils] MethodGroupsHelper.collectMethodsByGroup() took 0 ms.
2025-06-28 13:44:16 INFO  Utils:112 - [Utils] MethodGroupsHelper.sortMethods() took 0 ms.
2025-06-28 13:44:16 INFO  Utils:112 - [Utils] MethodGroupsHelper.collectMethodsByGroup() took 0 ms.
2025-06-28 13:44:16 INFO  Utils:112 - [Utils] MethodGroupsHelper.sortMethods() took 0 ms.
2025-06-28 13:44:16 INFO  Utils:112 - [Utils] MethodGroupsHelper.collectMethodsByGroup() took 0 ms.
2025-06-28 13:44:16 INFO  Utils:112 - [Utils] MethodGroupsHelper.sortMethods() took 0 ms.
2025-06-28 13:44:16 INFO  Utils:112 - [Utils] MethodGroupsHelper.collectMethodsByGroup() took 0 ms.
2025-06-28 13:44:16 INFO  Utils:112 - [Utils] MethodGroupsHelper.sortMethods() took 0 ms.
2025-06-28 13:44:16 INFO  Utils:112 - [Utils] MethodGroupsHelper.collectMethodsByGroup() took 0 ms.
2025-06-28 13:44:16 INFO  Utils:112 - [Utils] MethodGroupsHelper.sortMethods() took 0 ms.
2025-06-28 13:44:16 INFO  Utils:112 - [Utils] MethodGroupsHelper.collectMethodsByGroup() took 0 ms.
2025-06-28 13:44:16 INFO  Utils:112 - [Utils] MethodGroupsHelper.sortMethods() took 0 ms.
2025-06-28 13:44:16 INFO  Utils:112 - [Utils] MethodGroupsHelper.collectMethodsByGroup() took 0 ms.
2025-06-28 13:44:16 INFO  Utils:112 - [Utils] MethodGroupsHelper.sortMethods() took 0 ms.
2025-06-28 13:44:16 INFO  Utils:112 - [Utils] MethodGroupsHelper.collectMethodsByGroup() took 0 ms.
2025-06-28 13:44:16 INFO  Utils:112 - [Utils] MethodGroupsHelper.sortMethods() took 0 ms.
2025-06-28 13:44:16 INFO  Utils:112 - [Utils] MethodGroupsHelper.collectMethodsByGroup() took 0 ms.
2025-06-28 13:44:16 INFO  Utils:112 - [Utils] MethodGroupsHelper.sortMethods() took 0 ms.
2025-06-28 13:44:16 INFO  Utils:112 - [Utils] MethodGroupsHelper.collectMethodsByGroup() took 0 ms.
2025-06-28 13:44:16 INFO  Utils:112 - [Utils] MethodGroupsHelper.sortMethods() took 0 ms.
2025-06-28 13:44:16 INFO  Utils:112 - [Utils] MethodGroupsHelper.collectMethodsByGroup() took 0 ms.
2025-06-28 13:44:16 INFO  Utils:112 - [Utils] MethodGroupsHelper.sortMethods() took 0 ms.
2025-06-28 13:44:16 INFO  Utils:112 - [Utils] MethodGroupsHelper.collectMethodsByGroup() took 0 ms.
2025-06-28 13:44:16 INFO  Utils:112 - [Utils] MethodGroupsHelper.sortMethods() took 0 ms.
2025-06-28 13:44:16 INFO  Utils:112 - [Utils] MethodGroupsHelper.collectMethodsByGroup() took 0 ms.
2025-06-28 13:44:16 INFO  Utils:112 - [Utils] MethodGroupsHelper.sortMethods() took 0 ms.
2025-06-28 13:44:16 INFO  Utils:112 - [Utils] MethodGroupsHelper.collectMethodsByGroup() took 0 ms.
2025-06-28 13:44:16 INFO  Utils:112 - [Utils] MethodGroupsHelper.sortMethods() took 0 ms.
2025-06-28 13:44:16 INFO  Utils:112 - [Utils] MethodGroupsHelper.collectMethodsByGroup() took 0 ms.
2025-06-28 13:44:16 INFO  Utils:112 - [Utils] MethodGroupsHelper.sortMethods() took 0 ms.
2025-06-28 13:44:16 INFO  Utils:112 - [Utils] MethodGroupsHelper.collectMethodsByGroup() took 0 ms.
2025-06-28 13:44:16 INFO  Utils:112 - [Utils] MethodGroupsHelper.sortMethods() took 0 ms.
2025-06-28 13:44:16 INFO  Utils:112 - [Utils] MethodGroupsHelper.collectMethodsByGroup() took 0 ms.
2025-06-28 13:44:16 INFO  Utils:112 - [Utils] MethodGroupsHelper.sortMethods() took 0 ms.
2025-06-28 13:44:16 INFO  Utils:112 - [Utils] MethodGroupsHelper.collectMethodsByGroup() took 0 ms.
2025-06-28 13:44:16 INFO  Utils:112 - [Utils] MethodGroupsHelper.sortMethods() took 0 ms.
2025-06-28 13:44:16 INFO  Utils:112 - [Utils] MethodGroupsHelper.collectMethodsByGroup() took 0 ms.
2025-06-28 13:44:16 INFO  Utils:112 - [Utils] MethodGroupsHelper.sortMethods() took 0 ms.
2025-06-28 13:44:16 INFO  Utils:112 - [Utils] MethodGroupsHelper.collectMethodsByGroup() took 0 ms.
2025-06-28 13:44:16 INFO  Utils:112 - [Utils] MethodGroupsHelper.sortMethods() took 0 ms.
2025-06-28 13:44:16 INFO  Utils:112 - [Utils] MethodGroupsHelper.collectMethodsByGroup() took 0 ms.
2025-06-28 13:44:16 INFO  Utils:112 - [Utils] MethodGroupsHelper.sortMethods() took 0 ms.
2025-06-28 13:44:16 INFO  Utils:112 - [Utils] MethodGroupsHelper.collectMethodsByGroup() took 0 ms.
2025-06-28 13:44:16 INFO  Utils:112 - [Utils] MethodGroupsHelper.sortMethods() took 0 ms.
2025-06-28 13:44:16 INFO  Utils:112 - [Utils] MethodGroupsHelper.collectMethodsByGroup() took 0 ms.
2025-06-28 13:44:16 INFO  Utils:112 - [Utils] MethodGroupsHelper.sortMethods() took 0 ms.
2025-06-28 13:44:16 INFO  Utils:112 - [Utils] MethodGroupsHelper.collectMethodsByGroup() took 0 ms.
2025-06-28 13:44:16 INFO  Utils:112 - [Utils] MethodGroupsHelper.sortMethods() took 0 ms.
2025-06-28 13:44:16 INFO  Utils:112 - [Utils] MethodGroupsHelper.collectMethodsByGroup() took 0 ms.
2025-06-28 13:44:16 INFO  Utils:112 - [Utils] MethodGroupsHelper.sortMethods() took 0 ms.
2025-06-28 13:44:16 INFO  Utils:112 - [Utils] MethodGroupsHelper.collectMethodsByGroup() took 0 ms.
2025-06-28 13:44:16 INFO  Utils:112 - [Utils] MethodGroupsHelper.sortMethods() took 0 ms.
2025-06-28 13:44:16 INFO  Utils:112 - [Utils] MethodGroupsHelper.collectMethodsByGroup() took 0 ms.
2025-06-28 13:44:16 INFO  Utils:112 - [Utils] MethodGroupsHelper.sortMethods() took 0 ms.
2025-06-28 13:44:16 INFO  Utils:112 - [Utils] MethodGroupsHelper.collectMethodsByGroup() took 0 ms.
2025-06-28 13:44:16 INFO  Utils:112 - [Utils] MethodGroupsHelper.sortMethods() took 0 ms.
2025-06-28 13:44:16 INFO  Utils:112 - [Utils] MethodGroupsHelper.collectMethodsByGroup() took 0 ms.
2025-06-28 13:44:16 INFO  Utils:112 - [Utils] MethodGroupsHelper.sortMethods() took 0 ms.
2025-06-28 13:44:16 INFO  Utils:112 - [Utils] MethodGroupsHelper.collectMethodsByGroup() took 0 ms.
2025-06-28 13:44:16 INFO  Utils:112 - [Utils] MethodGroupsHelper.sortMethods() took 0 ms.
2025-06-28 13:44:16 INFO  Utils:112 - [Utils] MethodGroupsHelper.collectMethodsByGroup() took 0 ms.
2025-06-28 13:44:16 INFO  Utils:112 - [Utils] MethodGroupsHelper.sortMethods() took 0 ms.
2025-06-28 13:44:16 INFO  Utils:112 - [Utils] MethodGroupsHelper.collectMethodsByGroup() took 0 ms.
2025-06-28 13:44:16 INFO  Utils:112 - [Utils] MethodGroupsHelper.sortMethods() took 0 ms.
2025-06-28 13:44:16 INFO  Utils:112 - [Utils] MethodGroupsHelper.collectMethodsByGroup() took 0 ms.
2025-06-28 13:44:16 INFO  Utils:112 - [Utils] MethodGroupsHelper.sortMethods() took 0 ms.
2025-06-28 13:44:16 INFO  Utils:112 - [Utils] MethodGroupsHelper.collectMethodsByGroup() took 0 ms.
2025-06-28 13:44:16 INFO  Utils:112 - [Utils] MethodGroupsHelper.sortMethods() took 0 ms.
2025-06-28 13:44:16 INFO  Utils:112 - [Utils] MethodGroupsHelper.collectMethodsByGroup() took 0 ms.
2025-06-28 13:44:16 INFO  Utils:112 - [Utils] MethodGroupsHelper.sortMethods() took 0 ms.
2025-06-28 13:44:16 INFO  Utils:112 - [Utils] MethodGroupsHelper.collectMethodsByGroup() took 0 ms.
2025-06-28 13:44:16 INFO  Utils:112 - [Utils] MethodGroupsHelper.sortMethods() took 10 ms.
2025-06-28 13:44:16 INFO  Utils:112 - [Utils] MethodGroupsHelper.collectMethodsByGroup() took 0 ms.
2025-06-28 13:44:16 INFO  Utils:112 - [Utils] MethodGroupsHelper.sortMethods() took 0 ms.
2025-06-28 13:44:16 INFO  Utils:112 - [Utils] MethodGroupsHelper.collectMethodsByGroup() took 0 ms.
2025-06-28 13:44:16 INFO  Utils:112 - [Utils] MethodGroupsHelper.sortMethods() took 0 ms.
2025-06-28 13:44:16 INFO  Utils:112 - [TestNG] Running:
  C:\Users\achar\AppData\Local\Temp\testng-eclipse--93519002\testng-customsuite.xml

2025-06-28 13:44:16 INFO  Utils:112 - [Utils] DynamicGraphHelper.createDynamicGraph() took 8 ms.
2025-06-28 13:44:17 ERROR Utils:154 - [Error] org.testng.TestNGException: 
Method public void testCases.TC003_Login_DDT.loginddt(java.lang.String,java.lang.String,java.lang.String) requires a @DataProvider named : Logindata in class Utilities.Dataprovider
	at org.testng.internal.Parameters.findDataProvider(Parameters.java:532)
	at org.testng.internal.Parameters.handleParameters(Parameters.java:769)
	at org.testng.internal.Parameters.handleParameters(Parameters.java:734)
	at org.testng.internal.invokers.ParameterHandler.handleParameters(ParameterHandler.java:72)
	at org.testng.internal.invokers.ParameterHandler.createParameters(ParameterHandler.java:51)
	at org.testng.internal.invokers.TestInvoker$MethodInvocationAgent.invoke(TestInvoker.java:946)
	at org.testng.internal.invokers.TestInvoker.invokeTestMethods(TestInvoker.java:203)
	at org.testng.internal.invokers.TestMethodWorker.invokeTestMethods(TestMethodWorker.java:154)
	at org.testng.internal.invokers.TestMethodWorker.run(TestMethodWorker.java:134)
	at java.base/java.util.ArrayList.forEach(ArrayList.java:1596)
	at org.testng.TestRunner.privateRun(TestRunner.java:739)
	at org.testng.TestRunner.run(TestRunner.java:614)
	at org.testng.SuiteRunner.runTest(SuiteRunner.java:421)
	at org.testng.SuiteRunner.runSequentially(SuiteRunner.java:413)
	at org.testng.SuiteRunner.privateRun(SuiteRunner.java:373)
	at org.testng.SuiteRunner.run(SuiteRunner.java:312)
	at org.testng.SuiteRunnerWorker.runSuite(SuiteRunnerWorker.java:52)
	at org.testng.SuiteRunnerWorker.run(SuiteRunnerWorker.java:95)
	at org.testng.TestNG.runSuitesSequentially(TestNG.java:1274)
	at org.testng.TestNG.runSuitesLocally(TestNG.java:1208)
	at org.testng.TestNG.runSuites(TestNG.java:1112)
	at org.testng.TestNG.run(TestNG.java:1079)
	at org.testng.remote.AbstractRemoteTestNG.run(AbstractRemoteTestNG.java:115)
	at org.testng.remote.RemoteTestNG.initAndRun(RemoteTestNG.java:293)
	at org.testng.remote.RemoteTestNG.main(RemoteTestNG.java:91)

2025-06-28 13:44:17 INFO  Utils:112 - [TestNG] Time taken by org.testng.reporters.jq.Main@4940809c: 180 ms
2025-06-28 13:44:17 INFO  Utils:112 - [TestNG] Time taken by org.testng.reporters.FailedReporter@21d5c1a0: 66 ms
2025-06-28 13:44:17 INFO  Utils:112 - [TestNG] Time taken by org.testng.reporters.XMLReporter@3591009c: 62 ms
2025-06-28 13:44:17 INFO  Utils:112 - [TestNG] Time taken by org.testng.reporters.EmailableReporter2@61a002b1: 37 ms
2025-06-28 13:44:17 INFO  Utils:112 - [TestNG] Time taken by org.testng.reporters.JUnitReportReporter@1ac85b0c: 53 ms
2025-06-28 13:44:17 INFO  Utils:112 - [TestNG] Time taken by org.testng.internal.ExitCodeListener@3dd69f5a: 0 ms
2025-06-28 14:21:28 INFO  TC_002_LoginTest:15 - Starting TC_002_LoginTest
2025-06-28 14:21:31 INFO  TC_002_LoginTest:42 - Finished TC_002
2025-06-28 14:21:41 INFO  TC_001_AccountRegistrationTest:28 - Starting  TC_001_AccountRegistrationTest
2025-06-28 14:21:41 INFO  TC_001_AccountRegistrationTest:32 - clickMyAccount
2025-06-28 14:21:42 INFO  TC_001_AccountRegistrationTest:35 - clickREgister
2025-06-28 14:21:42 INFO  TC_001_AccountRegistrationTest:38 - Entering customer details
2025-06-28 14:21:53 ERROR TC_001_AccountRegistrationTest:62 - test failed
2025-06-28 14:26:28 INFO  TC_002_LoginTest:15 - Starting TC_002_LoginTest
2025-06-28 14:26:30 INFO  TC_002_LoginTest:42 - Finished TC_002
2025-06-28 14:26:40 INFO  TC_001_AccountRegistrationTest:28 - Starting  TC_001_AccountRegistrationTest
2025-06-28 14:26:41 INFO  TC_001_AccountRegistrationTest:32 - clickMyAccount
2025-06-28 14:26:42 INFO  TC_001_AccountRegistrationTest:35 - clickREgister
2025-06-28 14:26:42 INFO  TC_001_AccountRegistrationTest:38 - Entering customer details
2025-06-28 14:26:53 ERROR TC_001_AccountRegistrationTest:62 - test failed
