2025-05-30 00:03:32 INFO  Utils:112 - [TestNG] Running:
  C:\Users\achar\092024 eclipse\cart\g1.xml

2025-05-30 00:04:35 INFO  Utils:112 - [TestNG] Running:
  C:\Users\achar\092024 eclipse\cart\g1.xml

2025-05-30 00:05:57 INFO  Utils:112 - [TestNG] Running:
  C:\Users\achar\092024 eclipse\cart\g1.xml

2025-05-30 00:08:18 INFO  Utils:112 - [TestNG] Running:
  C:\Users\achar\092024 eclipse\cart\g1.xml

2025-05-30 00:08:26 INFO  TC_002_LoginTest:15 - Starting TC_002_LoginTest
2025-05-30 00:08:28 INFO  TC_002_LoginTest:42 - Finished TC_002
2025-05-30 00:10:14 INFO  Utils:112 - [TestNG] Running:
  C:\Users\achar\092024 eclipse\cart\g1.xml

2025-05-30 00:10:23 INFO  TC_002_LoginTest:15 - Starting TC_002_LoginTest
2025-05-30 00:10:26 INFO  TC_002_LoginTest:42 - Finished TC_002
2025-05-30 00:10:34 INFO  TC_001_AccountRegistrationTest:28 - Starting  TC_001_AccountRegistrationTest
2025-05-30 00:10:35 INFO  TC_001_AccountRegistrationTest:32 - clickMyAccount
2025-05-30 00:10:38 INFO  TC_001_AccountRegistrationTest:35 - clickREgister
2025-05-30 00:10:38 INFO  TC_001_AccountRegistrationTest:38 - Entering customer details
2025-05-30 00:10:45 INFO  TC_001_AccountRegistrationTest:55 - validating expected message
2025-05-30 00:10:45 INFO  TC_001_AccountRegistrationTest:68 - Finihing  TC_001_AccountRegistrationTest
2025-05-30 00:13:07 INFO  Utils:112 - [TestNG] Running:
  C:\Users\achar\092024 eclipse\cart\testng.xml

