2025-05-15 23:23:43 INFO  Utils:112 - [TestNG] Running:
  C:\Users\achar\092024 eclipse\cart\testng.xml

2025-05-15 23:24:36 INFO  Utils:112 - [TestNG] Running:
  C:\Users\achar\092024 eclipse\cart\testng.xml

2025-05-15 23:26:51 INFO  Utils:112 - [TestNG] Running:
  C:\Users\achar\092024 eclipse\cart\testng.xml

2025-05-15 23:30:25 INFO  Utils:112 - [TestNG] Running:
  C:\Users\achar\092024 eclipse\cart\testng.xml

2025-05-15 23:30:31 INFO  TC_001_AccountRegistrationTest:28 - Starting  TC_001_AccountRegistrationTest
2025-05-15 23:30:32 INFO  TC_001_AccountRegistrationTest:32 - clickMyAccount
2025-05-15 23:30:33 INFO  TC_001_AccountRegistrationTest:35 - clickREgister
2025-05-15 23:30:33 INFO  TC_001_AccountRegistrationTest:38 - Entering customer details
2025-05-15 23:30:35 INFO  TC_001_AccountRegistrationTest:53 - validating expected message
2025-05-15 23:31:41 INFO  Utils:112 - [TestNG] Running:
  C:\Users\achar\092024 eclipse\cart\testng.xml

2025-05-15 23:31:47 INFO  TC_001_AccountRegistrationTest:28 - Starting  TC_001_AccountRegistrationTest
2025-05-15 23:31:47 INFO  TC_001_AccountRegistrationTest:32 - clickMyAccount
2025-05-15 23:31:48 INFO  TC_001_AccountRegistrationTest:35 - clickREgister
2025-05-15 23:31:48 INFO  TC_001_AccountRegistrationTest:38 - Entering customer details
2025-05-15 23:31:50 INFO  TC_001_AccountRegistrationTest:53 - validating expected message
2025-05-15 23:31:50 INFO  TC_001_AccountRegistrationTest:66 - Finihing  TC_001_AccountRegistrationTest
