2025-06-23 22:33:52 INFO  Utils:112 - [TestNG] Running:
  C:\Users\achar\092024 eclipse\cart\extenereporttestng.xml

2025-06-23 22:36:06 INFO  Utils:112 - [TestNG] Running:
  C:\Users\achar\092024 eclipse\cart\extenereporttestng.xml

2025-06-23 22:36:16 INFO  TC_002_LoginTest:15 - Starting TC_002_LoginTest
2025-06-23 22:36:19 INFO  TC_002_LoginTest:42 - Finished TC_002
2025-06-23 22:36:28 INFO  TC_001_AccountRegistrationTest:28 - Starting  TC_001_AccountRegistrationTest
2025-06-23 22:36:29 INFO  TC_001_AccountRegistrationTest:32 - clickMyAccount
2025-06-23 22:36:29 INFO  TC_001_AccountRegistrationTest:35 - clickREgister
2025-06-23 22:36:29 INFO  TC_001_AccountRegistrationTest:38 - Entering customer details
2025-06-23 22:36:32 INFO  TC_001_AccountRegistrationTest:55 - validating expected message
2025-06-23 22:36:32 INFO  TC_001_AccountRegistrationTest:68 - Finihing  TC_001_AccountRegistrationTest
2025-06-23 22:41:52 INFO  Utils:112 - [TestNG] Running:
  C:\Users\achar\092024 eclipse\cart\extenereporttestng.xml

2025-06-23 22:41:57 INFO  TC_002_LoginTest:15 - Starting TC_002_LoginTest
2025-06-23 22:42:00 INFO  TC_002_LoginTest:42 - Finished TC_002
2025-06-23 22:42:09 INFO  TC_001_AccountRegistrationTest:28 - Starting  TC_001_AccountRegistrationTest
2025-06-23 22:42:10 INFO  TC_001_AccountRegistrationTest:32 - clickMyAccount
2025-06-23 22:42:11 INFO  TC_001_AccountRegistrationTest:35 - clickREgister
2025-06-23 22:42:11 INFO  TC_001_AccountRegistrationTest:38 - Entering customer details
2025-06-23 22:42:22 ERROR TC_001_AccountRegistrationTest:62 - test failed
2025-06-23 22:57:39 INFO  Utils:112 - [TestNG] Running:
  C:\Users\achar\092024 eclipse\cart\test-output\testng-failed.xml

2025-06-23 22:57:49 INFO  TC_001_AccountRegistrationTest:28 - Starting  TC_001_AccountRegistrationTest
2025-06-23 22:57:50 INFO  TC_001_AccountRegistrationTest:32 - clickMyAccount
2025-06-23 22:57:51 INFO  TC_001_AccountRegistrationTest:35 - clickREgister
2025-06-23 22:57:51 INFO  TC_001_AccountRegistrationTest:38 - Entering customer details
2025-06-23 22:58:03 ERROR TC_001_AccountRegistrationTest:62 - test failed
