2025-05-21 00:36:42 INFO  Utils:112 - [TestNG] Running:
  C:\Users\achar\092024 eclipse\cart\testng.xml

2025-05-21 00:37:49 INFO  TC_001_AccountRegistrationTest:28 - Starting  TC_001_AccountRegistrationTest
2025-05-21 00:37:49 INFO  TC_001_AccountRegistrationTest:32 - clickMyAccount
2025-05-21 00:37:56 INFO  TC_001_AccountRegistrationTest:35 - clickREgister
2025-05-21 00:37:56 INFO  TC_001_AccountRegistrationTest:38 - Entering customer details
2025-05-21 00:37:59 INFO  TC_001_AccountRegistrationTest:55 - validating expected message
2025-05-21 00:37:59 INFO  TC_001_AccountRegistrationTest:68 - Finihing  TC_001_AccountRegistrationTest
2025-05-21 00:38:48 INFO  TC_002_LoginTest:15 - Starting TC_002_LoginTest
2025-05-21 00:38:56 INFO  TC_002_LoginTest:42 - Finished TC_002
2025-05-21 13:20:25 INFO  Utils:112 - [TestNG] Running:
  C:\Users\achar\092024 eclipse\cart\testng.xml

2025-05-21 13:21:13 INFO  TC_001_AccountRegistrationTest:28 - Starting  TC_001_AccountRegistrationTest
2025-05-21 13:21:13 INFO  TC_001_AccountRegistrationTest:32 - clickMyAccount
2025-05-21 13:21:22 INFO  TC_001_AccountRegistrationTest:35 - clickREgister
2025-05-21 13:21:22 INFO  TC_001_AccountRegistrationTest:38 - Entering customer details
2025-05-21 13:21:25 INFO  TC_001_AccountRegistrationTest:55 - validating expected message
2025-05-21 13:21:25 INFO  TC_001_AccountRegistrationTest:68 - Finihing  TC_001_AccountRegistrationTest
2025-05-21 13:22:10 INFO  TC_002_LoginTest:15 - Starting TC_002_LoginTest
2025-05-21 13:22:13 INFO  TC_002_LoginTest:42 - Finished TC_002
