2025-05-14 23:34:43 INFO  Utils:112 - [Utils] MethodGroupsHelper.collectMethodsByGroup() took 1 ms.
2025-05-14 23:34:43 INFO  Utils:112 - [Utils] MethodGroupsHelper.sortMethods() took 4 ms.
2025-05-14 23:34:43 INFO  Utils:112 - [Utils] MethodGroupsHelper.collectMethodsByGroup() took 0 ms.
2025-05-14 23:34:43 INFO  Utils:112 - [Utils] MethodGroupsHelper.sortMethods() took 0 ms.
2025-05-14 23:34:43 INFO  Utils:112 - [Utils] MethodGroupsHelper.collectMethodsByGroup() took 0 ms.
2025-05-14 23:34:43 INFO  Utils:112 - [Utils] MethodGroupsHelper.sortMethods() took 0 ms.
2025-05-14 23:34:43 INFO  Utils:112 - [Utils] MethodGroupsHelper.collectMethodsByGroup() took 0 ms.
2025-05-14 23:34:43 INFO  Utils:112 - [Utils] MethodGroupsHelper.sortMethods() took 0 ms.
2025-05-14 23:34:43 INFO  Utils:112 - [Utils] MethodGroupsHelper.collectMethodsByGroup() took 32 ms.
2025-05-14 23:34:44 INFO  Utils:112 - [Utils] MethodGroupsHelper.sortMethods() took 47 ms.
2025-05-14 23:34:44 INFO  Utils:112 - [Utils] MethodGroupsHelper.collectMethodsByGroup() took 0 ms.
2025-05-14 23:34:44 INFO  Utils:112 - [Utils] MethodGroupsHelper.sortMethods() took 0 ms.
2025-05-14 23:34:44 INFO  Utils:112 - [Utils] MethodGroupsHelper.collectMethodsByGroup() took 0 ms.
2025-05-14 23:34:44 INFO  Utils:112 - [Utils] MethodGroupsHelper.sortMethods() took 0 ms.
2025-05-14 23:34:44 INFO  Utils:112 - [Utils] MethodGroupsHelper.collectMethodsByGroup() took 0 ms.
2025-05-14 23:34:44 INFO  Utils:112 - [Utils] MethodGroupsHelper.sortMethods() took 0 ms.
2025-05-14 23:34:44 INFO  Utils:112 - [Utils] MethodGroupsHelper.collectMethodsByGroup() took 0 ms.
2025-05-14 23:34:44 INFO  Utils:112 - [Utils] MethodGroupsHelper.sortMethods() took 0 ms.
2025-05-14 23:34:44 INFO  Utils:112 - [Utils] MethodGroupsHelper.collectMethodsByGroup() took 0 ms.
2025-05-14 23:34:44 INFO  Utils:112 - [Utils] MethodGroupsHelper.sortMethods() took 0 ms.
2025-05-14 23:34:44 INFO  Utils:112 - [Utils] MethodGroupsHelper.collectMethodsByGroup() took 0 ms.
2025-05-14 23:34:44 INFO  Utils:112 - [Utils] MethodGroupsHelper.sortMethods() took 0 ms.
2025-05-14 23:34:44 INFO  Utils:112 - [Utils] MethodGroupsHelper.collectMethodsByGroup() took 0 ms.
2025-05-14 23:34:44 INFO  Utils:112 - [Utils] MethodGroupsHelper.sortMethods() took 0 ms.
2025-05-14 23:34:44 INFO  Utils:112 - [Utils] MethodGroupsHelper.collectMethodsByGroup() took 0 ms.
2025-05-14 23:34:44 INFO  Utils:112 - [Utils] MethodGroupsHelper.sortMethods() took 1 ms.
2025-05-14 23:34:44 INFO  Utils:112 - [Utils] MethodGroupsHelper.collectMethodsByGroup() took 0 ms.
2025-05-14 23:34:44 INFO  Utils:112 - [Utils] MethodGroupsHelper.sortMethods() took 0 ms.
2025-05-14 23:34:44 INFO  Utils:112 - [Utils] MethodGroupsHelper.collectMethodsByGroup() took 0 ms.
2025-05-14 23:34:44 INFO  Utils:112 - [Utils] MethodGroupsHelper.sortMethods() took 0 ms.
2025-05-14 23:34:44 INFO  Utils:112 - [TestNG] Running:
  C:\Users\achar\AppData\Local\Temp\testng-eclipse-742249545\testng-customsuite.xml

2025-05-14 23:34:44 INFO  Utils:112 - [Utils] DynamicGraphHelper.createDynamicGraph() took 62 ms.
2025-05-14 23:35:21 INFO  TC_001_AccountRegistrationTest:28 - Starting  TC_001_AccountRegistrationTest
2025-05-14 23:35:21 INFO  TC_001_AccountRegistrationTest:32 - clickMyAccount
2025-05-14 23:35:23 INFO  TC_001_AccountRegistrationTest:35 - clickREgister
2025-05-14 23:35:23 INFO  TC_001_AccountRegistrationTest:38 - Entering customer details
2025-05-14 23:35:26 INFO  TC_001_AccountRegistrationTest:53 - validating expected message
2025-05-14 23:35:26 INFO  TC_001_AccountRegistrationTest:66 - Finihing  TC_001_AccountRegistrationTest
2025-05-14 23:35:28 INFO  Utils:112 - [TestNG] Time taken by org.testng.reporters.jq.Main@4038cd3a: 247 ms
2025-05-14 23:35:28 INFO  Utils:112 - [TestNG] Time taken by org.testng.reporters.FailedReporter@14ac77b9: 1 ms
2025-05-14 23:35:28 INFO  Utils:112 - [TestNG] Time taken by org.testng.reporters.XMLReporter@7a93b263: 16 ms
2025-05-14 23:35:28 INFO  Utils:112 - [TestNG] Time taken by org.testng.reporters.EmailableReporter2@64b7225f: 13 ms
2025-05-14 23:35:28 INFO  Utils:112 - [TestNG] Time taken by org.testng.reporters.JUnitReportReporter@70211e49: 13 ms
2025-05-14 23:35:28 INFO  Utils:112 - [TestNG] Time taken by org.testng.internal.ExitCodeListener@3b46dd8: 0 ms
2025-05-14 23:44:05 INFO  Utils:112 - [Utils] MethodGroupsHelper.collectMethodsByGroup() took 2 ms.
2025-05-14 23:44:05 INFO  Utils:112 - [Utils] MethodGroupsHelper.sortMethods() took 4 ms.
2025-05-14 23:44:05 INFO  Utils:112 - [Utils] MethodGroupsHelper.collectMethodsByGroup() took 0 ms.
2025-05-14 23:44:05 INFO  Utils:112 - [Utils] MethodGroupsHelper.sortMethods() took 0 ms.
2025-05-14 23:44:05 INFO  Utils:112 - [Utils] MethodGroupsHelper.collectMethodsByGroup() took 0 ms.
2025-05-14 23:44:05 INFO  Utils:112 - [Utils] MethodGroupsHelper.sortMethods() took 0 ms.
2025-05-14 23:44:05 INFO  Utils:112 - [Utils] MethodGroupsHelper.collectMethodsByGroup() took 0 ms.
2025-05-14 23:44:05 INFO  Utils:112 - [Utils] MethodGroupsHelper.sortMethods() took 0 ms.
2025-05-14 23:44:05 INFO  Utils:112 - [Utils] MethodGroupsHelper.collectMethodsByGroup() took 23 ms.
2025-05-14 23:44:05 INFO  Utils:112 - [Utils] MethodGroupsHelper.sortMethods() took 32 ms.
2025-05-14 23:44:05 INFO  Utils:112 - [Utils] MethodGroupsHelper.collectMethodsByGroup() took 0 ms.
2025-05-14 23:44:05 INFO  Utils:112 - [Utils] MethodGroupsHelper.sortMethods() took 0 ms.
2025-05-14 23:44:05 INFO  Utils:112 - [Utils] MethodGroupsHelper.collectMethodsByGroup() took 0 ms.
2025-05-14 23:44:05 INFO  Utils:112 - [Utils] MethodGroupsHelper.sortMethods() took 0 ms.
2025-05-14 23:44:05 INFO  Utils:112 - [Utils] MethodGroupsHelper.collectMethodsByGroup() took 0 ms.
2025-05-14 23:44:05 INFO  Utils:112 - [Utils] MethodGroupsHelper.sortMethods() took 0 ms.
2025-05-14 23:44:05 INFO  Utils:112 - [Utils] MethodGroupsHelper.collectMethodsByGroup() took 0 ms.
2025-05-14 23:44:05 INFO  Utils:112 - [Utils] MethodGroupsHelper.sortMethods() took 0 ms.
2025-05-14 23:44:05 INFO  Utils:112 - [Utils] MethodGroupsHelper.collectMethodsByGroup() took 0 ms.
2025-05-14 23:44:05 INFO  Utils:112 - [Utils] MethodGroupsHelper.sortMethods() took 0 ms.
2025-05-14 23:44:05 INFO  Utils:112 - [Utils] MethodGroupsHelper.collectMethodsByGroup() took 0 ms.
2025-05-14 23:44:05 INFO  Utils:112 - [Utils] MethodGroupsHelper.sortMethods() took 0 ms.
2025-05-14 23:44:05 INFO  Utils:112 - [Utils] MethodGroupsHelper.collectMethodsByGroup() took 0 ms.
2025-05-14 23:44:05 INFO  Utils:112 - [Utils] MethodGroupsHelper.sortMethods() took 0 ms.
2025-05-14 23:44:05 INFO  Utils:112 - [Utils] MethodGroupsHelper.collectMethodsByGroup() took 0 ms.
2025-05-14 23:44:05 INFO  Utils:112 - [Utils] MethodGroupsHelper.sortMethods() took 0 ms.
2025-05-14 23:44:05 INFO  Utils:112 - [Utils] MethodGroupsHelper.collectMethodsByGroup() took 0 ms.
2025-05-14 23:44:05 INFO  Utils:112 - [Utils] MethodGroupsHelper.sortMethods() took 0 ms.
2025-05-14 23:44:05 INFO  Utils:112 - [Utils] MethodGroupsHelper.collectMethodsByGroup() took 0 ms.
2025-05-14 23:44:05 INFO  Utils:112 - [Utils] MethodGroupsHelper.sortMethods() took 0 ms.
2025-05-14 23:44:05 INFO  Utils:112 - [TestNG] Running:
  C:\Users\achar\AppData\Local\Temp\testng-eclipse-1907545802\testng-customsuite.xml

2025-05-14 23:44:05 INFO  Utils:112 - [Utils] DynamicGraphHelper.createDynamicGraph() took 18 ms.
2025-05-14 23:44:29 INFO  TC_001_AccountRegistrationTest:28 - Starting  TC_001_AccountRegistrationTest
2025-05-14 23:44:30 INFO  TC_001_AccountRegistrationTest:32 - clickMyAccount
2025-05-14 23:44:31 INFO  TC_001_AccountRegistrationTest:35 - clickREgister
2025-05-14 23:44:31 INFO  TC_001_AccountRegistrationTest:38 - Entering customer details
2025-05-14 23:44:34 INFO  TC_001_AccountRegistrationTest:53 - validating expected message
2025-05-14 23:44:35 INFO  Utils:112 - [TestNG] Time taken by org.testng.reporters.jq.Main@681e144: 183 ms
2025-05-14 23:44:35 INFO  Utils:112 - [TestNG] Time taken by org.testng.reporters.FailedReporter@7318daf8: 40 ms
2025-05-14 23:44:35 INFO  Utils:112 - [TestNG] Time taken by org.testng.reporters.XMLReporter@573284a5: 18 ms
2025-05-14 23:44:35 INFO  Utils:112 - [TestNG] Time taken by org.testng.reporters.EmailableReporter2@65eabaab: 17 ms
2025-05-14 23:44:35 INFO  Utils:112 - [TestNG] Time taken by org.testng.reporters.JUnitReportReporter@100c567f: 12 ms
2025-05-14 23:44:35 INFO  Utils:112 - [TestNG] Time taken by org.testng.internal.ExitCodeListener@30c0d731: 0 ms
2025-05-14 23:48:57 INFO  Utils:112 - [Utils] MethodGroupsHelper.collectMethodsByGroup() took 3 ms.
2025-05-14 23:48:57 INFO  Utils:112 - [Utils] MethodGroupsHelper.sortMethods() took 4 ms.
2025-05-14 23:48:57 INFO  Utils:112 - [Utils] MethodGroupsHelper.collectMethodsByGroup() took 0 ms.
2025-05-14 23:48:57 INFO  Utils:112 - [Utils] MethodGroupsHelper.sortMethods() took 0 ms.
2025-05-14 23:48:57 INFO  Utils:112 - [Utils] MethodGroupsHelper.collectMethodsByGroup() took 0 ms.
2025-05-14 23:48:57 INFO  Utils:112 - [Utils] MethodGroupsHelper.sortMethods() took 0 ms.
2025-05-14 23:48:57 INFO  Utils:112 - [Utils] MethodGroupsHelper.collectMethodsByGroup() took 0 ms.
2025-05-14 23:48:57 INFO  Utils:112 - [Utils] MethodGroupsHelper.sortMethods() took 0 ms.
2025-05-14 23:48:57 INFO  Utils:112 - [Utils] MethodGroupsHelper.collectMethodsByGroup() took 45 ms.
2025-05-14 23:48:57 INFO  Utils:112 - [Utils] MethodGroupsHelper.sortMethods() took 56 ms.
2025-05-14 23:48:57 INFO  Utils:112 - [Utils] MethodGroupsHelper.collectMethodsByGroup() took 3 ms.
2025-05-14 23:48:57 INFO  Utils:112 - [Utils] MethodGroupsHelper.sortMethods() took 0 ms.
2025-05-14 23:48:57 INFO  Utils:112 - [Utils] MethodGroupsHelper.collectMethodsByGroup() took 0 ms.
2025-05-14 23:48:57 INFO  Utils:112 - [Utils] MethodGroupsHelper.sortMethods() took 0 ms.
2025-05-14 23:48:57 INFO  Utils:112 - [Utils] MethodGroupsHelper.collectMethodsByGroup() took 0 ms.
2025-05-14 23:48:57 INFO  Utils:112 - [Utils] MethodGroupsHelper.sortMethods() took 0 ms.
2025-05-14 23:48:57 INFO  Utils:112 - [Utils] MethodGroupsHelper.collectMethodsByGroup() took 0 ms.
2025-05-14 23:48:57 INFO  Utils:112 - [Utils] MethodGroupsHelper.sortMethods() took 0 ms.
2025-05-14 23:48:57 INFO  Utils:112 - [Utils] MethodGroupsHelper.collectMethodsByGroup() took 0 ms.
2025-05-14 23:48:57 INFO  Utils:112 - [Utils] MethodGroupsHelper.sortMethods() took 0 ms.
2025-05-14 23:48:57 INFO  Utils:112 - [Utils] MethodGroupsHelper.collectMethodsByGroup() took 0 ms.
2025-05-14 23:48:57 INFO  Utils:112 - [Utils] MethodGroupsHelper.sortMethods() took 0 ms.
2025-05-14 23:48:57 INFO  Utils:112 - [Utils] MethodGroupsHelper.collectMethodsByGroup() took 0 ms.
2025-05-14 23:48:57 INFO  Utils:112 - [Utils] MethodGroupsHelper.sortMethods() took 0 ms.
2025-05-14 23:48:57 INFO  Utils:112 - [Utils] MethodGroupsHelper.collectMethodsByGroup() took 0 ms.
2025-05-14 23:48:57 INFO  Utils:112 - [Utils] MethodGroupsHelper.sortMethods() took 1 ms.
2025-05-14 23:48:58 INFO  Utils:112 - [Utils] MethodGroupsHelper.collectMethodsByGroup() took 0 ms.
2025-05-14 23:48:58 INFO  Utils:112 - [Utils] MethodGroupsHelper.sortMethods() took 0 ms.
2025-05-14 23:48:58 INFO  Utils:112 - [Utils] MethodGroupsHelper.collectMethodsByGroup() took 0 ms.
2025-05-14 23:48:58 INFO  Utils:112 - [Utils] MethodGroupsHelper.sortMethods() took 0 ms.
2025-05-14 23:48:58 INFO  Utils:112 - [TestNG] Running:
  C:\Users\achar\AppData\Local\Temp\testng-eclipse-1162901794\testng-customsuite.xml

2025-05-14 23:48:58 INFO  Utils:112 - [Utils] DynamicGraphHelper.createDynamicGraph() took 19 ms.
2025-05-14 23:49:10 INFO  TC_001_AccountRegistrationTest:28 - Starting  TC_001_AccountRegistrationTest
2025-05-14 23:49:10 INFO  TC_001_AccountRegistrationTest:32 - clickMyAccount
2025-05-14 23:49:11 INFO  TC_001_AccountRegistrationTest:35 - clickREgister
2025-05-14 23:49:11 INFO  TC_001_AccountRegistrationTest:38 - Entering customer details
2025-05-14 23:49:13 INFO  TC_001_AccountRegistrationTest:53 - validating expected message
2025-05-14 23:49:14 INFO  Utils:112 - [TestNG] Time taken by org.testng.reporters.jq.Main@1a480135: 144 ms
2025-05-14 23:49:14 INFO  Utils:112 - [TestNG] Time taken by org.testng.reporters.FailedReporter@66153688: 19 ms
2025-05-14 23:49:14 INFO  Utils:112 - [TestNG] Time taken by org.testng.reporters.XMLReporter@54d901aa: 13 ms
2025-05-14 23:49:14 INFO  Utils:112 - [TestNG] Time taken by org.testng.reporters.EmailableReporter2@128c502c: 16 ms
2025-05-14 23:49:14 INFO  Utils:112 - [TestNG] Time taken by org.testng.reporters.JUnitReportReporter@5e5073ab: 23 ms
2025-05-14 23:49:14 INFO  Utils:112 - [TestNG] Time taken by org.testng.internal.ExitCodeListener@3c4262d1: 0 ms
